None	27e8b8e055b4d5dacfd74656da7b7a0935e94874b894a2595c43162ebbb1dba6	CRWV
None	736af53a3312d521f26c2505c962c2de8854d167ef0c4f82983a980b4e702e87	BMA
None	73fe5a5c85331e0d589d45697bd1c16769deddff7e5bf7fb40cf6585dff4b623	AVGO
None	f1566209e515acd778ee1b8f69f19ef7c4a78df7d201d10434ea7bd893881e52	COIN
None	f94af80410ac83096b8e5bf277d627ab4243062f752b4349a6e18ae43cf421c0	IBIT
None	47dc5491ec1c3bc4637f80bcde4d5c063fbbb835672794cf998dbc73f2fa3932	GGAL
None	efa2ed52eb0f5fcae1ac9c451c11d91b42b624bade210d77e6b8ab8416080dda	VXX
None	e8d94f8eb6c1ca176c84733eb756dfd5637ee4b8b7cf9f8807d5cbfd6b61c413	TZX27
None	c926682135d98484489ba4ad1e1642ea7c7172f297a8f053f29c58e0af90dc0a	MSFT
None	8734f9d2afcda946bc8c14514539a1ef38a81dcefc110c82213a1795c340a592	VIST
None	ac81a9491186dca333da3211dc7ffd49c33cda212956949388ed4ed862d738bb	MELI
None	133712e9fd8bb2772c9a057659e17fc39b588b81914c41cbd40e79c67bfddb37	INTC
None	3a9a55419ae94ecf3c329545f5c36f67a6fe9b290f6fffc03454618a81d0638c	ADBE
None	c05ec96621c8b47a5482b4523ca6fe0ab6ada8ecaf1e164c4b547ab75b69f46f	MU
None	204702f40814f5a894a65b723a8ab26d9453536ea0029d819f7919d70f8dc45a	GGAL
None	f3ce464f9fe8d8ddf6c1a85ac378cba64232f77152036a26503184621462928a	IBM
None	087d4b75791bcd57af18e8ebb0f48762821cf593ec336b68d1c269991a0c1988	UNP
None	d29fc0deab434440c9a6988637056dc36b1ccd185068bc3051ffa29e7d26f9f7	MSFT
None	421b78bb8abbd5daeeb07a4bc143913ebf6ca6cd1f6796b47a11317085d61afc	GLOB
None	a51b66c42528b589ec83422d3aba39bf309217f7b96f00f254435fd3fc773d72	BBAR
None	f2acd6036d21c94e8fdb506e2258364d6e49d94a26c5f69335e47b0d437263df	AMZN
None	b69832477987bbacf8a57bd4e1bc6098f402ee75091404910b503374a1b9eeb2	TX28
None	25609bb2ec0ad756c4cc477b04ef43b48ce81273383449eef8b471c94ef6b6f7	GOOGL
None	27d20f78e59856d9ccb396e8f8d50d41809231a53fcf74b90e648cb67b322da5	NFLXD
None	b02972f2cc5fbc34278e0b14ef0f05adcfd11c1d9ed10273a1d43e13ba5afe20	PLC4D
None	c6aadc85e0d3137c516baa4c2a815727b8d33f2c9b40f32ef7e0f924b8f75390	BABA
None	d4d44e44e62862768218bcbf471973fd4bb19e8e747bcac935ab977d2c659025	JPM
None	a643259a01ceadad0546204bb11aaf49bed181a4520d8a13a589abe6e6dca517	GLOB
None	2562800012ff9db5499e70ef8d4409ce1f9848c96a4bb98818ea2108dc0d32ad	BBAR
None	8dfdedb0530a4c5dc9063ec39cd5db83ee8de8d55694bf9c142fc4dc623ff3d2	IBM
None	739ce3dd4ddb1be47c2684a57b0f00a8176b5c2c456eae05105ae460016f6ad5	TX26
None	01f6f34aaf103020e62c6f146f521a66e9f4a0a34888d22b8a02544e2604dbb9	AMZN
None	d266b08c8ee23357ae5ac0d4657e2b75967b02e161351f6dd4f5d1616ac1e587	MSFT
None	3578308a0f1020c6189cbf4c217ff21c101c2f0cdfe2c496b2e3713ef56e90e6	YMCID
